Time slot   0
ld_routine
	Loaded a process at input/proc/comparison/proc_high.txt, PID: 1 NICE: 0
Time slot   1
===== PHYSICAL MEMORY AFTER ALLOCATION =====
PID=1 - Region=0 - Address=0x0 - Size=300 byte
print_pgtbl: 0 - 512
00000000: 80000001
00000004: 80000000
Page Number: 0 -> Frame Number: 1
Page Number: 1 -> Frame Number: 0
================================================================
Time slot   2
	CPU 0: Put process  1 to run queue
	CPU 0: Dispatched process  1 (CFS Slice: 1)
	Loaded a process at input/proc/comparison/proc_med_high.txt, PID: 2 NICE: 5
Time slot   3
	CPU 0: Put process  1 to run queue
	CPU 0: Dispatched process  2 (CFS Slice: 14)
===== PHYSICAL MEMORY AFTER ALLOCATION =====
PID=2 - Region=0 - Address=0x0 - Size=300 byte
print_pgtbl: 0 - 512
00000000: 80000003
00000004: 80000002
Page Number: 0 -> Frame Number: 3
Page Number: 1 -> Frame Number: 2
================================================================
Time slot   4
	Loaded a process at input/proc/comparison/proc_medium.txt, PID: 3 NICE: 10
Time slot   5
===== PHYSICAL MEMORY AFTER WRITING =====
Adress: 101
Page: 0 -> frame: 3
================================================================
Time slot   6
	Loaded a process at input/proc/comparison/proc_med_low.txt, PID: 4 NICE: 15
Page: 0 -> frame: 3
===== PHYSICAL MEMORY AFTER READING =====
================================================================
Time slot   7
===== PHYSICAL MEMORY AFTER DEALLOCATION =====
PID=2 - Region=0 - Address=0 - Size=300 byte
print_pgtbl: 0 - 512
00000000: 80000003
00000004: 80000002
Page Number: 0 -> Frame Number: 3
Page Number: 1 -> Frame Number: 2
================================================================
	Loaded a process at input/proc/comparison/proc_low.txt, PID: 5 NICE: 19
Time slot   8
	CPU 0: Processed  2 has finished
	CPU 0: Dispatched process  3 (CFS Slice: 6)
===== PHYSICAL MEMORY AFTER ALLOCATION =====
PID=3 - Region=0 - Address=0x0 - Size=300 byte
print_pgtbl: 0 - 512
00000000: 80000005
00000004: 80000004
Page Number: 0 -> Frame Number: 5
Page Number: 1 -> Frame Number: 4
================================================================
Time slot   9
Time slot  10
	Loaded a process at input/proc/comparison/proc_med_high.txt, PID: 6 NICE: 5
===== PHYSICAL MEMORY AFTER WRITING =====
Adress: 102
Page: 0 -> frame: 5
================================================================
Time slot  11
Page: 0 -> frame: 5
===== PHYSICAL MEMORY AFTER READING =====
================================================================
Time slot  12
===== PHYSICAL MEMORY AFTER DEALLOCATION =====
PID=3 - Region=0 - Address=0 - Size=300 byte
print_pgtbl: 0 - 512
00000000: 80000005
00000004: 80000004
Page Number: 0 -> Frame Number: 5
Page Number: 1 -> Frame Number: 4
================================================================
	Loaded a process at input/proc/comparison/proc_med_high.txt, PID: 7 NICE: 5
Time slot  13
	CPU 0: Processed  3 has finished
	CPU 0: Dispatched process  4 (CFS Slice: 2)
===== PHYSICAL MEMORY AFTER ALLOCATION =====
PID=4 - Region=0 - Address=0x0 - Size=300 byte
print_pgtbl: 0 - 512
00000000: 80000007
00000004: 80000006
Page Number: 0 -> Frame Number: 7
Page Number: 1 -> Frame Number: 6
================================================================
Time slot  14
	Loaded a process at input/proc/comparison/proc_high.txt, PID: 8 NICE: 0
Time slot  15
	CPU 0: Put process  4 to run queue
	CPU 0: Dispatched process  5 (CFS Slice: 1)
===== PHYSICAL MEMORY AFTER ALLOCATION =====
PID=5 - Region=0 - Address=0x0 - Size=300 byte
print_pgtbl: 0 - 512
00000000: 80000009
00000004: 80000008
Page Number: 0 -> Frame Number: 9
Page Number: 1 -> Frame Number: 8
================================================================
Time slot  16
	CPU 0: Put process  5 to run queue
	CPU 0: Dispatched process  6 (CFS Slice: 4)
===== PHYSICAL MEMORY AFTER ALLOCATION =====
PID=6 - Region=0 - Address=0x0 - Size=300 byte
print_pgtbl: 0 - 512
00000000: 8000000b
00000004: 8000000a
Page Number: 0 -> Frame Number: 11
Page Number: 1 -> Frame Number: 10
================================================================
	Loaded a process at input/proc/comparison/proc_low.txt, PID: 9 NICE: 19
Time slot  17
	Loaded a process at input/proc/comparison/proc_low.txt, PID: 10 NICE: 19
Time slot  18
===== PHYSICAL MEMORY AFTER WRITING =====
Adress: 101
Page: 0 -> frame: 11
================================================================
Time slot  19
Page: 0 -> frame: 11
===== PHYSICAL MEMORY AFTER READING =====
================================================================
	Loaded a process at input/proc/comparison/proc_low.txt, PID: 11 NICE: 19
Time slot  20
	CPU 0: Put process  6 to run queue
	CPU 0: Dispatched process  7 (CFS Slice: 3)
===== PHYSICAL MEMORY AFTER ALLOCATION =====
PID=7 - Region=0 - Address=0x0 - Size=300 byte
print_pgtbl: 0 - 512
00000000: 8000000d
00000004: 8000000c
Page Number: 0 -> Frame Number: 13
Page Number: 1 -> Frame Number: 12
================================================================
Time slot  21
Time slot  22
===== PHYSICAL MEMORY AFTER WRITING =====
Adress: 101
Page: 0 -> frame: 13
================================================================
	Loaded a process at input/proc/comparison/proc_high.txt, PID: 12 NICE: 0
Time slot  23
	CPU 0: Put process  7 to run queue
	CPU 0: Dispatched process  8 (CFS Slice: 4)
===== PHYSICAL MEMORY AFTER ALLOCATION =====
PID=8 - Region=0 - Address=0x0 - Size=300 byte
print_pgtbl: 0 - 512
00000000: 8000000f
00000004: 8000000e
Page Number: 0 -> Frame Number: 15
Page Number: 1 -> Frame Number: 14
================================================================
Time slot  24
Time slot  25
===== PHYSICAL MEMORY AFTER WRITING =====
Adress: 100
Page: 0 -> frame: 15
================================================================
Time slot  26
Page: 0 -> frame: 15
===== PHYSICAL MEMORY AFTER READING =====
================================================================
Time slot  27
	Loaded a process at input/proc/comparison/proc_high.txt, PID: 13 NICE: 0
	CPU 0: Put process  8 to run queue
	CPU 0: Dispatched process  9 (CFS Slice: 1)
===== PHYSICAL MEMORY AFTER ALLOCATION =====
PID=9 - Region=0 - Address=0x0 - Size=300 byte
print_pgtbl: 0 - 512
00000000: 80000011
00000004: 80000010
Page Number: 0 -> Frame Number: 17
Page Number: 1 -> Frame Number: 16
================================================================
Time slot  28
	CPU 0: Put process  9 to run queue
	CPU 0: Dispatched process 10 (CFS Slice: 1)
===== PHYSICAL MEMORY AFTER ALLOCATION =====
PID=10 - Region=0 - Address=0x0 - Size=300 byte
print_pgtbl: 0 - 512
00000000: 80000013
00000004: 80000012
Page Number: 0 -> Frame Number: 19
Page Number: 1 -> Frame Number: 18
================================================================
Time slot  29
	Loaded a process at input/proc/comparison/proc_high.txt, PID: 14 NICE: 0
	CPU 0: Put process 10 to run queue
	CPU 0: Dispatched process 11 (CFS Slice: 1)
===== PHYSICAL MEMORY AFTER ALLOCATION =====
PID=11 - Region=0 - Address=0x0 - Size=300 byte
print_pgtbl: 0 - 512
00000000: 80000015
00000004: 80000014
Page Number: 0 -> Frame Number: 21
Page Number: 1 -> Frame Number: 20
================================================================
Time slot  30
	CPU 0: Put process 11 to run queue
	CPU 0: Dispatched process 12 (CFS Slice: 2)
===== PHYSICAL MEMORY AFTER ALLOCATION =====
PID=12 - Region=0 - Address=0x0 - Size=300 byte
print_pgtbl: 0 - 512
00000000: 80000017
00000004: 80000016
Page Number: 0 -> Frame Number: 23
Page Number: 1 -> Frame Number: 22
================================================================
Time slot  31
	Loaded a process at input/proc/comparison/proc_high.txt, PID: 15 NICE: 0
Time slot  32
	CPU 0: Put process 12 to run queue
	CPU 0: Dispatched process 13 (CFS Slice: 2)
===== PHYSICAL MEMORY AFTER ALLOCATION =====
PID=13 - Region=0 - Address=0x0 - Size=300 byte
print_pgtbl: 0 - 512
00000000: 80000019
00000004: 80000018
Page Number: 0 -> Frame Number: 25
Page Number: 1 -> Frame Number: 24
================================================================
Time slot  33
Time slot  34
	CPU 0: Put process 13 to run queue
	CPU 0: Dispatched process 14 (CFS Slice: 2)
===== PHYSICAL MEMORY AFTER ALLOCATION =====
PID=14 - Region=0 - Address=0x0 - Size=300 byte
print_pgtbl: 0 - 512
00000000: 8000001b
00000004: 8000001a
Page Number: 0 -> Frame Number: 27
Page Number: 1 -> Frame Number: 26
================================================================
Time slot  35
	Loaded a process at input/proc/comparison/proc_high.txt, PID: 16 NICE: 0
Time slot  36
	CPU 0: Put process 14 to run queue
	CPU 0: Dispatched process 15 (CFS Slice: 2)
===== PHYSICAL MEMORY AFTER ALLOCATION =====
PID=15 - Region=0 - Address=0x0 - Size=300 byte
print_pgtbl: 0 - 512
00000000: 8000001d
00000004: 8000001c
Page Number: 0 -> Frame Number: 29
Page Number: 1 -> Frame Number: 28
================================================================
Time slot  37
Time slot  38
	CPU 0: Put process 15 to run queue
	CPU 0: Dispatched process 16 (CFS Slice: 2)
===== PHYSICAL MEMORY AFTER ALLOCATION =====
PID=16 - Region=0 - Address=0x0 - Size=300 byte
print_pgtbl: 0 - 512
00000000: 8000001f
00000004: 8000001e
Page Number: 0 -> Frame Number: 31
Page Number: 1 -> Frame Number: 30
================================================================
Time slot  39
Time slot  40
	CPU 0: Put process 16 to run queue
	CPU 0: Dispatched process  6 (CFS Slice: 1)
===== PHYSICAL MEMORY AFTER DEALLOCATION =====
PID=6 - Region=0 - Address=0 - Size=300 byte
print_pgtbl: 0 - 512
00000000: 8000000b
00000004: 8000000a
Page Number: 0 -> Frame Number: 11
Page Number: 1 -> Frame Number: 10
================================================================
Time slot  41
	CPU 0: Processed  6 has finished
	CPU 0: Dispatched process  7 (CFS Slice: 1)
Page: 0 -> frame: 13
===== PHYSICAL MEMORY AFTER READING =====
================================================================
Time slot  42
	CPU 0: Put process  7 to run queue
	CPU 0: Dispatched process  8 (CFS Slice: 2)
===== PHYSICAL MEMORY AFTER DEALLOCATION =====
PID=8 - Region=0 - Address=0 - Size=300 byte
print_pgtbl: 0 - 512
00000000: 8000000f
00000004: 8000000e
Page Number: 0 -> Frame Number: 15
Page Number: 1 -> Frame Number: 14
================================================================
Time slot  43
	CPU 0: Processed  8 has finished
	CPU 0: Dispatched process 12 (CFS Slice: 2)
===== PHYSICAL MEMORY AFTER WRITING =====
Adress: 100
Page: 0 -> frame: 23
================================================================
Time slot  44
Page: 0 -> frame: 23
===== PHYSICAL MEMORY AFTER READING =====
================================================================
Time slot  45
	CPU 0: Put process 12 to run queue
	CPU 0: Dispatched process 13 (CFS Slice: 2)
===== PHYSICAL MEMORY AFTER WRITING =====
Adress: 100
Page: 0 -> frame: 25
================================================================
Time slot  46
Page: 0 -> frame: 25
===== PHYSICAL MEMORY AFTER READING =====
================================================================
Time slot  47
	CPU 0: Put process 13 to run queue
	CPU 0: Dispatched process 14 (CFS Slice: 2)
===== PHYSICAL MEMORY AFTER WRITING =====
Adress: 100
Page: 0 -> frame: 27
================================================================
Time slot  48
Page: 0 -> frame: 27
===== PHYSICAL MEMORY AFTER READING =====
================================================================
Time slot  49
	CPU 0: Put process 14 to run queue
	CPU 0: Dispatched process 15 (CFS Slice: 2)
===== PHYSICAL MEMORY AFTER WRITING =====
Adress: 100
Page: 0 -> frame: 29
================================================================
Time slot  50
Page: 0 -> frame: 29
===== PHYSICAL MEMORY AFTER READING =====
================================================================
Time slot  51
	CPU 0: Put process 15 to run queue
	CPU 0: Dispatched process 16 (CFS Slice: 2)
===== PHYSICAL MEMORY AFTER WRITING =====
Adress: 100
Page: 0 -> frame: 31
================================================================
Time slot  52
Page: 0 -> frame: 31
===== PHYSICAL MEMORY AFTER READING =====
================================================================
Time slot  53
	CPU 0: Put process 16 to run queue
	CPU 0: Dispatched process  1 (CFS Slice: 2)
===== PHYSICAL MEMORY AFTER WRITING =====
Adress: 100
Page: 0 -> frame: 1
================================================================
Time slot  54
Page: 0 -> frame: 1
===== PHYSICAL MEMORY AFTER READING =====
================================================================
Time slot  55
	CPU 0: Put process  1 to run queue
	CPU 0: Dispatched process  4 (CFS Slice: 1)
===== PHYSICAL MEMORY AFTER WRITING =====
Adress: 103
Page: 0 -> frame: 7
================================================================
Time slot  56
	CPU 0: Put process  4 to run queue
	CPU 0: Dispatched process  7 (CFS Slice: 1)
===== PHYSICAL MEMORY AFTER DEALLOCATION =====
PID=7 - Region=0 - Address=0 - Size=300 byte
print_pgtbl: 0 - 512
00000000: 8000000d
00000004: 8000000c
Page Number: 0 -> Frame Number: 13
Page Number: 1 -> Frame Number: 12
================================================================
Time slot  57
	CPU 0: Processed  7 has finished
	CPU 0: Dispatched process 12 (CFS Slice: 3)
===== PHYSICAL MEMORY AFTER DEALLOCATION =====
PID=12 - Region=0 - Address=0 - Size=300 byte
print_pgtbl: 0 - 512
00000000: 80000017
00000004: 80000016
Page Number: 0 -> Frame Number: 23
Page Number: 1 -> Frame Number: 22
================================================================
Time slot  58
	CPU 0: Processed 12 has finished
	CPU 0: Dispatched process 13 (CFS Slice: 3)
===== PHYSICAL MEMORY AFTER DEALLOCATION =====
PID=13 - Region=0 - Address=0 - Size=300 byte
print_pgtbl: 0 - 512
00000000: 80000019
00000004: 80000018
Page Number: 0 -> Frame Number: 25
Page Number: 1 -> Frame Number: 24
================================================================
Time slot  59
	CPU 0: Processed 13 has finished
	CPU 0: Dispatched process 14 (CFS Slice: 4)
===== PHYSICAL MEMORY AFTER DEALLOCATION =====
PID=14 - Region=0 - Address=0 - Size=300 byte
print_pgtbl: 0 - 512
00000000: 8000001b
00000004: 8000001a
Page Number: 0 -> Frame Number: 27
Page Number: 1 -> Frame Number: 26
================================================================
Time slot  60
	CPU 0: Processed 14 has finished
	CPU 0: Dispatched process 15 (CFS Slice: 5)
===== PHYSICAL MEMORY AFTER DEALLOCATION =====
PID=15 - Region=0 - Address=0 - Size=300 byte
print_pgtbl: 0 - 512
00000000: 8000001d
00000004: 8000001c
Page Number: 0 -> Frame Number: 29
Page Number: 1 -> Frame Number: 28
================================================================
Time slot  61
	CPU 0: Processed 15 has finished
	CPU 0: Dispatched process 16 (CFS Slice: 8)
===== PHYSICAL MEMORY AFTER DEALLOCATION =====
PID=16 - Region=0 - Address=0 - Size=300 byte
print_pgtbl: 0 - 512
00000000: 8000001f
00000004: 8000001e
Page Number: 0 -> Frame Number: 31
Page Number: 1 -> Frame Number: 30
================================================================
Time slot  62
	CPU 0: Processed 16 has finished
	CPU 0: Dispatched process  5 (CFS Slice: 2)
Time slot  63
===== PHYSICAL MEMORY AFTER WRITING =====
Adress: 104
Page: 0 -> frame: 9
================================================================
Time slot  64
	CPU 0: Put process  5 to run queue
	CPU 0: Dispatched process  9 (CFS Slice: 2)
Time slot  65
===== PHYSICAL MEMORY AFTER WRITING =====
Adress: 104
Page: 0 -> frame: 17
================================================================
Time slot  66
	CPU 0: Put process  9 to run queue
	CPU 0: Dispatched process 10 (CFS Slice: 2)
Time slot  67
===== PHYSICAL MEMORY AFTER WRITING =====
Adress: 104
Page: 0 -> frame: 19
================================================================
Time slot  68
	CPU 0: Put process 10 to run queue
	CPU 0: Dispatched process 11 (CFS Slice: 2)
Time slot  69
===== PHYSICAL MEMORY AFTER WRITING =====
Adress: 104
Page: 0 -> frame: 21
================================================================
Time slot  70
	CPU 0: Put process 11 to run queue
	CPU 0: Dispatched process  1 (CFS Slice: 14)
===== PHYSICAL MEMORY AFTER DEALLOCATION =====
PID=1 - Region=0 - Address=0 - Size=300 byte
print_pgtbl: 0 - 512
00000000: 80000001
00000004: 80000000
Page Number: 0 -> Frame Number: 1
Page Number: 1 -> Frame Number: 0
================================================================
Time slot  71
	CPU 0: Processed  1 has finished
	CPU 0: Dispatched process  4 (CFS Slice: 6)
Page: 0 -> frame: 7
===== PHYSICAL MEMORY AFTER READING =====
================================================================
Time slot  72
===== PHYSICAL MEMORY AFTER DEALLOCATION =====
PID=4 - Region=0 - Address=0 - Size=300 byte
print_pgtbl: 0 - 512
00000000: 80000007
00000004: 80000006
Page Number: 0 -> Frame Number: 7
Page Number: 1 -> Frame Number: 6
================================================================
Time slot  73
	CPU 0: Processed  4 has finished
	CPU 0: Dispatched process  5 (CFS Slice: 6)
Page: 0 -> frame: 9
===== PHYSICAL MEMORY AFTER READING =====
================================================================
Time slot  74
===== PHYSICAL MEMORY AFTER DEALLOCATION =====
PID=5 - Region=0 - Address=0 - Size=300 byte
print_pgtbl: 0 - 512
00000000: 80000009
00000004: 80000008
Page Number: 0 -> Frame Number: 9
Page Number: 1 -> Frame Number: 8
================================================================
Time slot  75
	CPU 0: Processed  5 has finished
	CPU 0: Dispatched process  9 (CFS Slice: 10)
Page: 0 -> frame: 17
===== PHYSICAL MEMORY AFTER READING =====
================================================================
Time slot  76
===== PHYSICAL MEMORY AFTER DEALLOCATION =====
PID=9 - Region=0 - Address=0 - Size=300 byte
print_pgtbl: 0 - 512
00000000: 80000011
00000004: 80000010
Page Number: 0 -> Frame Number: 17
Page Number: 1 -> Frame Number: 16
================================================================
Time slot  77
	CPU 0: Processed  9 has finished
	CPU 0: Dispatched process 10 (CFS Slice: 20)
Page: 0 -> frame: 19
===== PHYSICAL MEMORY AFTER READING =====
================================================================
Time slot  78
===== PHYSICAL MEMORY AFTER DEALLOCATION =====
PID=10 - Region=0 - Address=0 - Size=300 byte
print_pgtbl: 0 - 512
00000000: 80000013
00000004: 80000012
Page Number: 0 -> Frame Number: 19
Page Number: 1 -> Frame Number: 18
================================================================
Time slot  79
	CPU 0: Processed 10 has finished
	CPU 0: Dispatched process 11 (CFS Slice: 1)
Page: 0 -> frame: 21
===== PHYSICAL MEMORY AFTER READING =====
================================================================
Time slot  80
	CPU 0: Put process 11 to run queue
	CPU 0: Dispatched process 11 (CFS Slice: 1)
===== PHYSICAL MEMORY AFTER DEALLOCATION =====
PID=11 - Region=0 - Address=0 - Size=300 byte
print_pgtbl: 0 - 512
00000000: 80000015
00000004: 80000014
Page Number: 0 -> Frame Number: 21
Page Number: 1 -> Frame Number: 20
================================================================
Time slot  81
	CPU 0: Processed 11 has finished
	CPU 0 stopped
